<?xml version="1.0" encoding="UTF-8"?>
<!-- Generated by org.testng.reporters.JUnitReportReporter -->
<testsuite skipped="0" hostname="DESKTOP-INPVF25" name="Task.ShopingWebsite" tests="1" failures="0" timestamp="18 Feb 2020 15:17:49 GMT" time="34.247" errors="0">
  <testcase name="Task" time="34.247" classname="Task.ShopingWebsite"/>
</testsuite> <!-- Task.ShopingWebsite -->
